Policy: dynamic
Resolution: 256
-------------------------------------------------------------------
1;11179;0.000894585
2;22196;0.000450547
4;43583;0.000229448
8;79737;0.000125414
10;94980;0.000105286
20;170529;5.86411e-05
40;191805;5.21364e-05
Policy: dynamic
Resolution: 512
-------------------------------------------------------------------
1;2780;0.00359775
2;5539;0.00180555
4;10957;0.000912724
8;20531;0.000487076
10;25032;0.000399504
20;48887;0.000204555
40;74295;0.0001346
Policy: dynamic
Resolution: 1024
-------------------------------------------------------------------
1;692;0.014471
2;1379;0.00725246
4;2749;0.00363856
8;5188;0.00192757
10;6340;0.00157736
20;12558;0.000796308
40;21436;0.000466518
Policy: dynamic
Resolution: 2048
-------------------------------------------------------------------
1;173;0.0579344
2;345;0.0290191
4;687;0.0145568
8;1288;0.00776727
10;1590;0.00628964
20;3167;0.00315855
40;5463;0.00183064
